f:\study\code\c++\concurrency\concurrency\debug\vc142.pdb
f:\study\code\c++\concurrency\concurrency\debug\vc142.idb
f:\study\code\c++\concurrency\concurrency\debug\threadpool.obj
f:\study\code\c++\concurrency\concurrency\debug\taskqueue.obj
f:\study\code\c++\concurrency\concurrency\debug\concurrency.obj
f:\study\code\c++\concurrency\concurrency\debug\atomictest.obj
f:\study\code\c++\concurrency\concurrency\debug\msgqueue.obj
f:\study\code\c++\concurrency\debug\concurrency.exe
f:\study\code\c++\concurrency\debug\concurrency.ilk
f:\study\code\c++\concurrency\debug\concurrency.pdb
f:\study\code\c++\concurrency\concurrency\debug\concurrency.tlog\cl.command.1.tlog
f:\study\code\c++\concurrency\concurrency\debug\concurrency.tlog\cl.read.1.tlog
f:\study\code\c++\concurrency\concurrency\debug\concurrency.tlog\cl.write.1.tlog
f:\study\code\c++\concurrency\concurrency\debug\concurrency.tlog\link.20232-cvtres.read.1.tlog
f:\study\code\c++\concurrency\concurrency\debug\concurrency.tlog\link.20232-cvtres.write.1.tlog
f:\study\code\c++\concurrency\concurrency\debug\concurrency.tlog\link.20232-rc.read.1.tlog
f:\study\code\c++\concurrency\concurrency\debug\concurrency.tlog\link.20232-rc.write.1.tlog
f:\study\code\c++\concurrency\concurrency\debug\concurrency.tlog\link.20232.read.1.tlog
f:\study\code\c++\concurrency\concurrency\debug\concurrency.tlog\link.20232.write.1.tlog
f:\study\code\c++\concurrency\concurrency\debug\concurrency.tlog\link.command.1.tlog
f:\study\code\c++\concurrency\concurrency\debug\concurrency.tlog\link.read.1.tlog
f:\study\code\c++\concurrency\concurrency\debug\concurrency.tlog\link.write.1.tlog
